build/app/outputs/mapping/release/mapping.txt
# compiler: R8
# compiler_version: 1.5.64
# min_api: 16
# pg_map_id: aa06835
com.testing.sqlitetoexcel_example.MainActivity -> com.testing.sqlitetoexcel_example.MainActivity:
    void configureFlutterEngine(io.flutter.embedding.engine.FlutterEngine) -> a
...
org.apache.poi.hssf.record.HyperlinkRecord$GUID -> d.a.b.g.b.q1$a:
    long _d4 -> d
    int _d2 -> b
    int _d3 -> c
    int _d1 -> a
    java.lang.String formatAsString() -> a
    org.apache.poi.hssf.record.HyperlinkRecord$GUID parse(java.lang.String) -> a
    int parseHexChar(char) -> a
    long parseLELong(char[],int) -> a
    void serialize(org.apache.poi.util.LittleEndianOutput) -> a
    long getD4() -> b
    int parseShort(char[],int) -> b
org.apache.poi.hssf.record.IndexRecord -> d.a.b.g.b.r1:
    org.apache.poi.util.IntList field_5_dbcells -> d
    int field_3_last_row_add1 -> b
    int field_4_zero -> c
    int field_2_first_row -> a
    void addDbcell(int) -> a
    void serialize(org.apache.poi.util.LittleEndianOutput) -> a
    int getDbcellAt(int) -> b
    void setFirstRow(int) -> c
    void setLastRowAdd1(int) -> d
    int getRecordSizeForBlockCount(int) -> e
    short getSid() -> f
    int getDataSize() -> h
    int getFirstRow() -> i
    int getLastRowAdd1() -> j
    int getNumDbcells() -> k
org.apache.poi.hssf.record.InterfaceEndRecord -> d.a.b.g.b.s1:
    org.apache.poi.hssf.record.InterfaceEndRecord instance -> a
    void serialize(org.apache.poi.util.LittleEndianOutput) -> a
    short getSid() -> f
    int getDataSize() -> h
org.apache.poi.hssf.record.InterfaceHdrRecord -> d.a.b.g.b.t1:
    int _codepage -> a
    void serialize(org.apache.poi.util.LittleEndianOutput) -> a
    short getSid() -> f
    int getDataSize() -> h
org.apache.poi.hssf.record.IterationRecord -> d.a.b.g.b.u1:
    org.apache.poi.util.BitField iterationOn -> b
    int _flags -> a
    void serialize(org.apache.poi.util.LittleEndianOutput) -> a
    short getSid() -> f
    int getDataSize() -> h
    boolean getIteration() -> i
org.apache.poi.hssf.record.LabelRecord -> d.a.b.g.b.v1:
    java.lang.String field_6_value -> f
    short field_3_xf_index -> c
    short field_4_string_len -> d
    byte field_5_unicode_flag -> e
    int field_1_row -> a
    short field_2_column -> b
    int getRow() -> a
    int serialize(int,byte[]) -> a
    short getXFIndex() -> b
    short getColumn() -> c
    int getRecordSize() -> d
    short getSid() -> f
    java.lang.String getValue() -> h
org.apache.poi.hssf.record.LabelSSTRecord -> d.a.b.g.b.w1:
    int field_4_sst_index -> d
    void appendValueText(java.lang.StringBuilder) -> a
    void serializeValue(org.apache.poi.util.LittleEndianOutput) -> b
    void setSSTIndex(int) -> b
    short getSid() -> f
    java.lang.String getRecordName() -> i
    int getValueDataSize() -> j
    int getSSTIndex() -> k
org.apache.poi.hssf.record.LbsDataSubRecord -> d.a.b.g.b.x1:
    org.apache.poi.ss.formula.ptg.Ptg _linkPtg -> c
    int _idEdit -> h
    org.apache.poi.hssf.record.LbsDataSubRecord$LbsDropData _dropData -> i
    java.lang.String[] _rgLines -> j
    java.lang.Byte _unknownPostFormulaByte -> d
    int _iSel -> f
    int _flags -> g
    int _cLines -> e
    int _unknownPreFormulaInt -> b
    boolean[] _bsels -> k
    int _cbFContinued -> a
    int getDataSize() -> a
    void serialize(org.apache.poi.util.LittleEndianOutput) -> a
    org.apache.poi.hssf.record.LbsDataSubRecord newAutoFilterInstance() -> b
org.apache.poi.hssf.record.LbsDataSubRecord$LbsDropData -> d.a.b.g.b.x1$a:
    java.lang.Byte _unused -> e
    int _cLine -> b
    int _dxMin -> c
    int _wStyle -> a
    java.lang.String _str -> d
    int access$002(org.apache.poi.hssf.record.LbsDataSubRecord$LbsDropData,int) -> a
    int getDataSize() -> a
    void serialize(org.apache.poi.util.LittleEndianOutput) -> a
    int access$102(org.apache.poi.hssf.record.LbsDataSubRecord$LbsDropData,int) -> b
org.apache.poi.hssf.record.LeftMarginRecord -> d.a.b.g.b.y1:
    double field_1_margin -> a
    void serialize(org.apache.poi.util.LittleEndianOutput) -> a
    short getSid() -> f
    int getDataSize() -> h
    double getMargin() -> i